2022.10.18, 18:26:24.0079 UTC -> {
  _id: new ObjectId("634db212f1df029a8d88a9a4"),
  accountNo: 1,
  dateOfOpening: '2022-01-01',
  roi: 0.4,
  balance: 100000,
  accountType: 'Savings',
  createdAt: 2022-10-17T19:50:42.101Z,
  updatedAt: 2022-10-17T19:50:42.101Z,
  __v: 0
}
2022.10.19, 15:40:33.0347 UTC -> {
  _id: new ObjectId("634db212f1df029a8d88a9a4"),
  accountNo: 1,
  dateOfOpening: '2022-01-01',
  roi: 0.4,
  balance: 100000,
  accountType: 'Savings',
  createdAt: 2022-10-17T19:50:42.101Z,
  updatedAt: 2022-10-17T19:50:42.101Z,
  __v: 0
}
2022.10.19, 15:44:33.0735 UTC -> {
  _id: new ObjectId("634db212f1df029a8d88a9a4"),
  accountNo: 1,
  dateOfOpening: '2022-01-01',
  roi: 0.4,
  balance: 100000,
  accountType: 'Savings',
  createdAt: 2022-10-17T19:50:42.101Z,
  updatedAt: 2022-10-17T19:50:42.101Z,
  __v: 0
}
2022.10.19, 15:45:57.0533 UTC -> {
  _id: new ObjectId("634db212f1df029a8d88a9a4"),
  accountNo: 1,
  dateOfOpening: '2022-01-01',
  roi: 0.4,
  balance: 100000,
  accountType: 'Savings',
  createdAt: 2022-10-17T19:50:42.101Z,
  updatedAt: 2022-10-17T19:50:42.101Z,
  __v: 0
}
2022.10.19, 15:51:09.0202 UTC -> {
  _id: new ObjectId("634db212f1df029a8d88a9a4"),
  accountNo: 1,
  dateOfOpening: '2022-01-01',
  roi: 0.4,
  balance: 100000,
  accountType: 'Savings',
  createdAt: 2022-10-17T19:50:42.101Z,
  updatedAt: 2022-10-17T19:50:42.101Z,
  __v: 0
}
2022.10.19, 15:52:04.0209 UTC -> {
  _id: new ObjectId("634db212f1df029a8d88a9a4"),
  accountNo: 1,
  dateOfOpening: '2022-01-01',
  roi: 0.4,
  balance: 100000,
  accountType: 'Savings',
  createdAt: 2022-10-17T19:50:42.101Z,
  updatedAt: 2022-10-17T19:50:42.101Z,
  __v: 0
}
2022.10.19, 15:55:12.0630 UTC -> {
  _id: new ObjectId("634db212f1df029a8d88a9a4"),
  accountNo: 1,
  dateOfOpening: '2022-01-01',
  roi: 0.4,
  balance: 100000,
  accountType: 'Savings',
  createdAt: 2022-10-17T19:50:42.101Z,
  updatedAt: 2022-10-17T19:50:42.101Z,
  __v: 0
}
2022.10.19, 15:58:53.0838 UTC -> {
  _id: new ObjectId("634db212f1df029a8d88a9a4"),
  accountNo: 1,
  dateOfOpening: '2022-01-01',
  roi: 0.4,
  balance: 100000,
  accountType: 'Savings',
  createdAt: 2022-10-17T19:50:42.101Z,
  updatedAt: 2022-10-17T19:50:42.101Z,
  __v: 0
}
2022.10.19, 16:00:42.0489 UTC -> {
  _id: new ObjectId("634db212f1df029a8d88a9a4"),
  accountNo: 1,
  dateOfOpening: '2022-01-01',
  roi: 0.4,
  balance: 100000,
  accountType: 'Savings',
  createdAt: 2022-10-17T19:50:42.101Z,
  updatedAt: 2022-10-17T19:50:42.101Z,
  __v: 0
}
2022.10.19, 16:06:26.0541 UTC -> {
  _id: new ObjectId("634db212f1df029a8d88a9a4"),
  accountNo: 1,
  dateOfOpening: '2022-01-01',
  roi: 0.4,
  balance: 100000,
  accountType: 'Savings',
  createdAt: 2022-10-17T19:50:42.101Z,
  updatedAt: 2022-10-17T19:50:42.101Z,
  __v: 0
}
